src/upgradeable/ERC721CommonUpgradeable.sol:ERC721CommonUpgradeable:_initialized (storage_slot: 0) (offset: 0) (type: uint8) (numberOfBytes: 1)
src/upgradeable/ERC721CommonUpgradeable.sol:ERC721CommonUpgradeable:_initializing (storage_slot: 0) (offset: 1) (type: bool) (numberOfBytes: 1)
src/upgradeable/ERC721CommonUpgradeable.sol:ERC721CommonUpgradeable:__gap (storage_slot: 1) (offset: 0) (type: uint256[50]) (numberOfBytes: 1600)
src/upgradeable/ERC721CommonUpgradeable.sol:ERC721CommonUpgradeable:__gap (storage_slot: 51) (offset: 0) (type: uint256[50]) (numberOfBytes: 1600)
src/upgradeable/ERC721CommonUpgradeable.sol:ERC721CommonUpgradeable:_roles (storage_slot: 101) (offset: 0) (type: mapping(bytes32 => struct AccessControlUpgradeable.RoleData)) (numberOfBytes: 32)
src/upgradeable/ERC721CommonUpgradeable.sol:ERC721CommonUpgradeable:__gap (storage_slot: 102) (offset: 0) (type: uint256[49]) (numberOfBytes: 1568)
src/upgradeable/ERC721CommonUpgradeable.sol:ERC721CommonUpgradeable:_roleMembers (storage_slot: 151) (offset: 0) (type: mapping(bytes32 => struct EnumerableSetUpgradeable.AddressSet)) (numberOfBytes: 32)
src/upgradeable/ERC721CommonUpgradeable.sol:ERC721CommonUpgradeable:__gap (storage_slot: 152) (offset: 0) (type: uint256[49]) (numberOfBytes: 1568)
src/upgradeable/ERC721CommonUpgradeable.sol:ERC721CommonUpgradeable:_name (storage_slot: 201) (offset: 0) (type: string) (numberOfBytes: 32)
src/upgradeable/ERC721CommonUpgradeable.sol:ERC721CommonUpgradeable:_symbol (storage_slot: 202) (offset: 0) (type: string) (numberOfBytes: 32)
src/upgradeable/ERC721CommonUpgradeable.sol:ERC721CommonUpgradeable:_owners (storage_slot: 203) (offset: 0) (type: mapping(uint256 => address)) (numberOfBytes: 32)
src/upgradeable/ERC721CommonUpgradeable.sol:ERC721CommonUpgradeable:_balances (storage_slot: 204) (offset: 0) (type: mapping(address => uint256)) (numberOfBytes: 32)
src/upgradeable/ERC721CommonUpgradeable.sol:ERC721CommonUpgradeable:_tokenApprovals (storage_slot: 205) (offset: 0) (type: mapping(uint256 => address)) (numberOfBytes: 32)
src/upgradeable/ERC721CommonUpgradeable.sol:ERC721CommonUpgradeable:_operatorApprovals (storage_slot: 206) (offset: 0) (type: mapping(address => mapping(address => bool))) (numberOfBytes: 32)
src/upgradeable/ERC721CommonUpgradeable.sol:ERC721CommonUpgradeable:__gap (storage_slot: 207) (offset: 0) (type: uint256[44]) (numberOfBytes: 1408)
src/upgradeable/ERC721CommonUpgradeable.sol:ERC721CommonUpgradeable:nonces (storage_slot: 251) (offset: 0) (type: mapping(uint256 => uint256)) (numberOfBytes: 32)
src/upgradeable/ERC721CommonUpgradeable.sol:ERC721CommonUpgradeable:______gap (storage_slot: 252) (offset: 0) (type: uint256[50]) (numberOfBytes: 1600)
src/upgradeable/ERC721CommonUpgradeable.sol:ERC721CommonUpgradeable:_ownedTokens (storage_slot: 302) (offset: 0) (type: mapping(address => mapping(uint256 => uint256))) (numberOfBytes: 32)
src/upgradeable/ERC721CommonUpgradeable.sol:ERC721CommonUpgradeable:_ownedTokensIndex (storage_slot: 303) (offset: 0) (type: mapping(uint256 => uint256)) (numberOfBytes: 32)
src/upgradeable/ERC721CommonUpgradeable.sol:ERC721CommonUpgradeable:_allTokens (storage_slot: 304) (offset: 0) (type: uint256[]) (numberOfBytes: 32)
src/upgradeable/ERC721CommonUpgradeable.sol:ERC721CommonUpgradeable:_allTokensIndex (storage_slot: 305) (offset: 0) (type: mapping(uint256 => uint256)) (numberOfBytes: 32)
src/upgradeable/ERC721CommonUpgradeable.sol:ERC721CommonUpgradeable:__gap (storage_slot: 306) (offset: 0) (type: uint256[46]) (numberOfBytes: 1472)
src/upgradeable/ERC721CommonUpgradeable.sol:ERC721CommonUpgradeable:__gap (storage_slot: 352) (offset: 0) (type: uint256[50]) (numberOfBytes: 1600)
src/upgradeable/ERC721CommonUpgradeable.sol:ERC721CommonUpgradeable:_paused (storage_slot: 402) (offset: 0) (type: bool) (numberOfBytes: 1)
src/upgradeable/ERC721CommonUpgradeable.sol:ERC721CommonUpgradeable:__gap (storage_slot: 403) (offset: 0) (type: uint256[49]) (numberOfBytes: 1568)
src/upgradeable/ERC721CommonUpgradeable.sol:ERC721CommonUpgradeable:__gap (storage_slot: 452) (offset: 0) (type: uint256[50]) (numberOfBytes: 1600)
src/upgradeable/ERC721CommonUpgradeable.sol:ERC721CommonUpgradeable:_tokenIdTracker (storage_slot: 502) (offset: 0) (type: struct CountersUpgradeable.Counter) (numberOfBytes: 32)
src/upgradeable/ERC721CommonUpgradeable.sol:ERC721CommonUpgradeable:_baseTokenURI (storage_slot: 503) (offset: 0) (type: string) (numberOfBytes: 32)
src/upgradeable/ERC721CommonUpgradeable.sol:ERC721CommonUpgradeable:__gap (storage_slot: 504) (offset: 0) (type: uint256[48]) (numberOfBytes: 1536)